[
  {
    "line": 3,
    "elements": [
      {
        "before": [
          {
            "result": {
              "duration": 3142916466,
              "status": "passed"
            },
            "match": {
              "location": "Hooks.setUpBrowser()"
            }
          }
        ],
        "line": 14,
        "name": "",
        "description": "",
        "id": "as-a-end-user-i-want-to-test-login-is-working-as-required;;;2",
        "type": "scenario",
        "keyword": "Scenario Outline",
        "steps": [
          {
            "result": {
              "duration": 203684499,
              "status": "passed"
            },
            "line": 7,
            "name": "User is on LogIn page",
            "match": {
              "location": "Steps.user_is_on_LogIn_page()"
            },
            "keyword": "Given "
          },
          {
            "result": {
              "duration": 330043053,
              "status": "passed"
            },
            "line": 8,
            "name": "User enters username as \"standard_user\" and Password as \"secret_sauce\"",
            "match": {
              "arguments": [
                {
                  "val": "standard_user",
                  "offset": 25
                },
                {
                  "val": "secret_sauce",
                  "offset": 57
                }
              ],
              "location": "Steps.user_enters_username_as_and_Password_as(String,String)"
            },
            "matchedColumns": [
              0,
              1
            ],
            "keyword": "When "
          },
          {
            "result": {
              "duration": 189687000,
              "status": "passed"
            },
            "line": 9,
            "name": "Click on Login button",
            "match": {
              "location": "Steps.click_on_Login_button()"
            },
            "keyword": "And "
          },
          {
            "result": {
              "duration": 5028849963,
              "status": "passed"
            },
            "line": 10,
            "name": "User should login successfully",
            "match": {
              "location": "Steps.user_should_login_successfully()"
            },
            "keyword": "Then "
          }
        ],
        "tags": [
          {
            "line": 2,
            "name": "@Login"
          }
        ]
      },
      {
        "before": [
          {
            "result": {
              "duration": 1688437965,
              "status": "passed"
            },
            "match": {
              "location": "Hooks.setUpBrowser()"
            }
          }
        ],
        "line": 15,
        "name": "",
        "description": "",
        "id": "as-a-end-user-i-want-to-test-login-is-working-as-required;;;3",
        "type": "scenario",
        "keyword": "Scenario Outline",
        "steps": [
          {
            "result": {
              "duration": 19757666,
              "status": "passed"
            },
            "line": 7,
            "name": "User is on LogIn page",
            "match": {
              "location": "Steps.user_is_on_LogIn_page()"
            },
            "keyword": "Given "
          },
          {
            "result": {
              "duration": 414640390,
              "status": "passed"
            },
            "line": 8,
            "name": "User enters username as \"locked_out_user\" and Password as \"secret_sauce\"",
            "match": {
              "arguments": [
                {
                  "val": "locked_out_user",
                  "offset": 25
                },
                {
                  "val": "secret_sauce",
                  "offset": 59
                }
              ],
              "location": "Steps.user_enters_username_as_and_Password_as(String,String)"
            },
            "matchedColumns": [
              0,
              1
            ],
            "keyword": "When "
          },
          {
            "result": {
              "duration": 121915898,
              "status": "passed"
            },
            "line": 9,
            "name": "Click on Login button",
            "match": {
              "location": "Steps.click_on_Login_button()"
            },
            "keyword": "And "
          },
          {
            "result": {
              "duration": 8020659481,
              "error_message": "org.openqa.selenium.NoSuchElementException: Cannot locate an element using xpath\u003d//span[contains(text(),\u0027Products\u0027)]\nFor documentation on this error, please visit: https://www.seleniumhq.org/exceptions/no_such_element.html\nBuild info: version: \u00273.141.59\u0027, revision: \u0027e82be7d358\u0027, time: \u00272018-11-14T08:17:03\u0027\nSystem info: host: \u0027Sivas-MacBook-Pro.local\u0027, ip: \u0027192.168.1.167\u0027, os.name: \u0027Mac OS X\u0027, os.arch: \u0027x86_64\u0027, os.version: \u002710.15.7\u0027, java.version: \u00271.8.0_231\u0027\nDriver info: driver.version: RemoteWebDriver\n\tat org.openqa.selenium.remote.RemoteWebDriver.findElement(RemoteWebDriver.java:327)\n\tat org.openqa.selenium.remote.RemoteWebDriver.findElementByXPath(RemoteWebDriver.java:428)\n\tat org.openqa.selenium.By$ByXPath.findElement(By.java:353)\n\tat org.openqa.selenium.remote.RemoteWebDriver.findElement(RemoteWebDriver.java:315)\n\tat org.openqa.selenium.support.pagefactory.DefaultElementLocator.findElement(DefaultElementLocator.java:69)\n\tat org.openqa.selenium.support.pagefactory.internal.LocatingElementHandler.invoke(LocatingElementHandler.java:38)\n\tat com.sun.proxy.$Proxy16.getText(Unknown Source)\n\tat pageClasses.HomePage.GetTitle(HomePage.java:63)\n\tat stepDefinitions.Steps.user_should_login_successfully(Steps.java:54)\n\tat ✽.Then User should login successfully(src/test/resources/Login.Feature:10)\n",
              "status": "failed"
            },
            "line": 10,
            "name": "User should login successfully",
            "match": {
              "location": "Steps.user_should_login_successfully()"
            },
            "keyword": "Then "
          }
        ],
        "tags": [
          {
            "line": 2,
            "name": "@Login"
          }
        ]
      },
      {
        "before": [
          {
            "result": {
              "duration": 2039623842,
              "status": "passed"
            },
            "match": {
              "location": "Hooks.setUpBrowser()"
            }
          }
        ],
        "line": 16,
        "name": "",
        "description": "",
        "id": "as-a-end-user-i-want-to-test-login-is-working-as-required;;;4",
        "type": "scenario",
        "keyword": "Scenario Outline",
        "steps": [
          {
            "result": {
              "duration": 11603676,
              "status": "passed"
            },
            "line": 7,
            "name": "User is on LogIn page",
            "match": {
              "location": "Steps.user_is_on_LogIn_page()"
            },
            "keyword": "Given "
          },
          {
            "result": {
              "duration": 377459164,
              "status": "passed"
            },
            "line": 8,
            "name": "User enters username as \"problem_user\" and Password as \"secret_sauce\"",
            "match": {
              "arguments": [
                {
                  "val": "problem_user",
                  "offset": 25
                },
                {
                  "val": "secret_sauce",
                  "offset": 56
                }
              ],
              "location": "Steps.user_enters_username_as_and_Password_as(String,String)"
            },
            "matchedColumns": [
              0,
              1
            ],
            "keyword": "When "
          },
          {
            "result": {
              "duration": 147862108,
              "status": "passed"
            },
            "line": 9,
            "name": "Click on Login button",
            "match": {
              "location": "Steps.click_on_Login_button()"
            },
            "keyword": "And "
          },
          {
            "result": {
              "duration": 5063133262,
              "status": "passed"
            },
            "line": 10,
            "name": "User should login successfully",
            "match": {
              "location": "Steps.user_should_login_successfully()"
            },
            "keyword": "Then "
          }
        ],
        "tags": [
          {
            "line": 2,
            "name": "@Login"
          }
        ]
      },
      {
        "before": [
          {
            "result": {
              "duration": 2385280346,
              "status": "passed"
            },
            "match": {
              "location": "Hooks.setUpBrowser()"
            }
          }
        ],
        "line": 17,
        "name": "",
        "description": "",
        "id": "as-a-end-user-i-want-to-test-login-is-working-as-required;;;5",
        "type": "scenario",
        "keyword": "Scenario Outline",
        "steps": [
          {
            "result": {
              "duration": 9464956,
              "status": "passed"
            },
            "line": 7,
            "name": "User is on LogIn page",
            "match": {
              "location": "Steps.user_is_on_LogIn_page()"
            },
            "keyword": "Given "
          },
          {
            "result": {
              "duration": 472680524,
              "status": "passed"
            },
            "line": 8,
            "name": "User enters username as \"performance_glitch_user\" and Password as \"secret_sauce\"",
            "match": {
              "arguments": [
                {
                  "val": "performance_glitch_user",
                  "offset": 25
                },
                {
                  "val": "secret_sauce",
                  "offset": 67
                }
              ],
              "location": "Steps.user_enters_username_as_and_Password_as(String,String)"
            },
            "matchedColumns": [
              0,
              1
            ],
            "keyword": "When "
          },
          {
            "result": {
              "duration": 5180591759,
              "status": "passed"
            },
            "line": 9,
            "name": "Click on Login button",
            "match": {
              "location": "Steps.click_on_Login_button()"
            },
            "keyword": "And "
          },
          {
            "result": {
              "duration": 5040575140,
              "status": "passed"
            },
            "line": 10,
            "name": "User should login successfully",
            "match": {
              "location": "Steps.user_should_login_successfully()"
            },
            "keyword": "Then "
          }
        ],
        "tags": [
          {
            "line": 2,
            "name": "@Login"
          }
        ]
      },
      {
        "before": [
          {
            "result": {
              "duration": 2095513285,
              "status": "passed"
            },
            "match": {
              "location": "Hooks.setUpBrowser()"
            }
          }
        ],
        "line": 18,
        "name": "",
        "description": "",
        "id": "as-a-end-user-i-want-to-test-login-is-working-as-required;;;6",
        "type": "scenario",
        "keyword": "Scenario Outline",
        "steps": [
          {
            "result": {
              "duration": 7868747,
              "status": "passed"
            },
            "line": 7,
            "name": "User is on LogIn page",
            "match": {
              "location": "Steps.user_is_on_LogIn_page()"
            },
            "keyword": "Given "
          },
          {
            "result": {
              "duration": 330818871,
              "status": "passed"
            },
            "line": 8,
            "name": "User enters username as \"Standard_user\" and Password as \"secret_sauce\"",
            "match": {
              "arguments": [
                {
                  "val": "Standard_user",
                  "offset": 25
                },
                {
                  "val": "secret_sauce",
                  "offset": 57
                }
              ],
              "location": "Steps.user_enters_username_as_and_Password_as(String,String)"
            },
            "matchedColumns": [
              0,
              1
            ],
            "keyword": "When "
          },
          {
            "result": {
              "duration": 88756151,
              "status": "passed"
            },
            "line": 9,
            "name": "Click on Login button",
            "match": {
              "location": "Steps.click_on_Login_button()"
            },
            "keyword": "And "
          },
          {
            "result": {
              "duration": 11223704304,
              "error_message": "org.openqa.selenium.NoSuchElementException: Cannot locate an element using xpath\u003d//span[contains(text(),\u0027Products\u0027)]\nFor documentation on this error, please visit: https://www.seleniumhq.org/exceptions/no_such_element.html\nBuild info: version: \u00273.141.59\u0027, revision: \u0027e82be7d358\u0027, time: \u00272018-11-14T08:17:03\u0027\nSystem info: host: \u0027Sivas-MacBook-Pro.local\u0027, ip: \u0027192.168.1.167\u0027, os.name: \u0027Mac OS X\u0027, os.arch: \u0027x86_64\u0027, os.version: \u002710.15.7\u0027, java.version: \u00271.8.0_231\u0027\nDriver info: driver.version: RemoteWebDriver\n\tat org.openqa.selenium.remote.RemoteWebDriver.findElement(RemoteWebDriver.java:327)\n\tat org.openqa.selenium.remote.RemoteWebDriver.findElementByXPath(RemoteWebDriver.java:428)\n\tat org.openqa.selenium.By$ByXPath.findElement(By.java:353)\n\tat org.openqa.selenium.remote.RemoteWebDriver.findElement(RemoteWebDriver.java:315)\n\tat org.openqa.selenium.support.pagefactory.DefaultElementLocator.findElement(DefaultElementLocator.java:69)\n\tat org.openqa.selenium.support.pagefactory.internal.LocatingElementHandler.invoke(LocatingElementHandler.java:38)\n\tat com.sun.proxy.$Proxy16.getText(Unknown Source)\n\tat pageClasses.HomePage.GetTitle(HomePage.java:63)\n\tat stepDefinitions.Steps.user_should_login_successfully(Steps.java:54)\n\tat ✽.Then User should login successfully(src/test/resources/Login.Feature:10)\n",
              "status": "failed"
            },
            "line": 10,
            "name": "User should login successfully",
            "match": {
              "location": "Steps.user_should_login_successfully()"
            },
            "keyword": "Then "
          }
        ],
        "tags": [
          {
            "line": 2,
            "name": "@Login"
          }
        ]
      },
      {
        "before": [
          {
            "result": {
              "duration": 1937463001,
              "status": "passed"
            },
            "match": {
              "location": "Hooks.setUpBrowser()"
            }
          }
        ],
        "line": 19,
        "name": "",
        "description": "",
        "id": "as-a-end-user-i-want-to-test-login-is-working-as-required;;;7",
        "type": "scenario",
        "keyword": "Scenario Outline",
        "steps": [
          {
            "result": {
              "duration": 12057436,
              "status": "passed"
            },
            "line": 7,
            "name": "User is on LogIn page",
            "match": {
              "location": "Steps.user_is_on_LogIn_page()"
            },
            "keyword": "Given "
          },
          {
            "result": {
              "duration": 459167334,
              "status": "passed"
            },
            "line": 8,
            "name": "User enters username as \"standard_user\" and Password as \"Secret_sauce\"",
            "match": {
              "arguments": [
                {
                  "val": "standard_user",
                  "offset": 25
                },
                {
                  "val": "Secret_sauce",
                  "offset": 57
                }
              ],
              "location": "Steps.user_enters_username_as_and_Password_as(String,String)"
            },
            "matchedColumns": [
              0,
              1
            ],
            "keyword": "When "
          },
          {
            "result": {
              "duration": 113421607,
              "status": "passed"
            },
            "line": 9,
            "name": "Click on Login button",
            "match": {
              "location": "Steps.click_on_Login_button()"
            },
            "keyword": "And "
          },
          {
            "result": {
              "duration": 5030354880,
              "error_message": "org.openqa.selenium.NoSuchWindowException: no such window: window was already closed\n  (Session info: chrome\u003d99.0.4844.84)\nBuild info: version: \u00273.141.59\u0027, revision: \u0027e82be7d358\u0027, time: \u00272018-11-14T08:17:03\u0027\nSystem info: host: \u0027Sivas-MacBook-Pro.local\u0027, ip: \u0027192.168.1.167\u0027, os.name: \u0027Mac OS X\u0027, os.arch: \u0027x86_64\u0027, os.version: \u002710.15.7\u0027, java.version: \u00271.8.0_231\u0027\nDriver info: org.openqa.selenium.chrome.ChromeDriver\nCapabilities {acceptInsecureCerts: false, browserName: chrome, browserVersion: 99.0.4844.84, chrome: {chromedriverVersion: 99.0.4844.51 (d537ec02474b5..., userDataDir: /var/folders/74/x4y0nyk10h5...}, goog:chromeOptions: {debuggerAddress: localhost:60711}, javascriptEnabled: true, networkConnectionEnabled: false, pageLoadStrategy: normal, platform: MAC, platformName: MAC, proxy: Proxy(), setWindowRect: true, strictFileInteractability: false, timeouts: {implicit: 0, pageLoad: 300000, script: 30000}, unhandledPromptBehavior: dismiss and notify, webauthn:extension:credBlob: true, webauthn:extension:largeBlob: true, webauthn:virtualAuthenticators: true}\nSession ID: a9532a3a9f78bd1348353990c1528ed5\n*** Element info: {Using\u003dxpath, value\u003d//span[contains(text(),\u0027Products\u0027)]}\n\tat sun.reflect.NativeConstructorAccessorImpl.newInstance0(Native Method)\n\tat sun.reflect.NativeConstructorAccessorImpl.newInstance(NativeConstructorAccessorImpl.java:62)\n\tat sun.reflect.DelegatingConstructorAccessorImpl.newInstance(DelegatingConstructorAccessorImpl.java:45)\n\tat java.lang.reflect.Constructor.newInstance(Constructor.java:423)\n\tat org.openqa.selenium.remote.http.W3CHttpResponseCodec.createException(W3CHttpResponseCodec.java:187)\n\tat org.openqa.selenium.remote.http.W3CHttpResponseCodec.decode(W3CHttpResponseCodec.java:122)\n\tat org.openqa.selenium.remote.http.W3CHttpResponseCodec.decode(W3CHttpResponseCodec.java:49)\n\tat org.openqa.selenium.remote.HttpCommandExecutor.execute(HttpCommandExecutor.java:158)\n\tat org.openqa.selenium.remote.service.DriverCommandExecutor.execute(DriverCommandExecutor.java:83)\n\tat org.openqa.selenium.remote.RemoteWebDriver.execute(RemoteWebDriver.java:552)\n\tat org.openqa.selenium.remote.RemoteWebDriver.findElement(RemoteWebDriver.java:323)\n\tat org.openqa.selenium.remote.RemoteWebDriver.findElementByXPath(RemoteWebDriver.java:428)\n\tat org.openqa.selenium.By$ByXPath.findElement(By.java:353)\n\tat org.openqa.selenium.remote.RemoteWebDriver.findElement(RemoteWebDriver.java:315)\n\tat org.openqa.selenium.support.pagefactory.DefaultElementLocator.findElement(DefaultElementLocator.java:69)\n\tat org.openqa.selenium.support.pagefactory.internal.LocatingElementHandler.invoke(LocatingElementHandler.java:38)\n\tat com.sun.proxy.$Proxy16.getText(Unknown Source)\n\tat pageClasses.HomePage.GetTitle(HomePage.java:63)\n\tat stepDefinitions.Steps.user_should_login_successfully(Steps.java:54)\n\tat ✽.Then User should login successfully(src/test/resources/Login.Feature:10)\n",
              "status": "failed"
            },
            "line": 10,
            "name": "User should login successfully",
            "match": {
              "location": "Steps.user_should_login_successfully()"
            },
            "keyword": "Then "
          }
        ],
        "tags": [
          {
            "line": 2,
            "name": "@Login"
          }
        ]
      }
    ],
    "name": "As a end user I want to test Login is working as required",
    "description": "",
    "id": "as-a-end-user-i-want-to-test-login-is-working-as-required",
    "keyword": "Feature",
    "uri": "src/test/resources/Login.Feature",
    "tags": [
      {
        "line": 2,
        "name": "@Login"
      }
    ]
  }
]